<?xml version="1.0" encoding="UTF-8"?>
<testsuite xmlns:xsi="http://www.w3.org/2001/XMLSchema-instance" xsi:noNamespaceSchemaLocation="https://maven.apache.org/surefire/maven-surefire-plugin/xsd/surefire-test-report.xsd" version="3.0.2" name="com.org.springBootDemo.SpringBootDemoApplicationTests" time="1.285" tests="1" errors="0" skipped="0" failures="0">
  <properties>
    <property name="java.specification.version" value="21"/>
    <property name="sun.jnu.encoding" value="UTF-8"/>
    <property name="java.class.path" value="/Users/admin/Downloads/springBootDemo/target/test-classes:/Users/admin/Downloads/springBootDemo/target/classes:/Users/admin/.m2/repository/org/springframework/boot/spring-boot-starter/3.4.1/spring-boot-starter-3.4.1.jar:/Users/admin/.m2/repository/org/springframework/boot/spring-boot/3.4.1/spring-boot-3.4.1.jar:/Users/admin/.m2/repository/org/springframework/spring-context/6.2.1/spring-context-6.2.1.jar:/Users/admin/.m2/repository/org/springframework/boot/spring-boot-autoconfigure/3.4.1/spring-boot-autoconfigure-3.4.1.jar:/Users/admin/.m2/repository/org/springframework/boot/spring-boot-starter-logging/3.4.1/spring-boot-starter-logging-3.4.1.jar:/Users/admin/.m2/repository/ch/qos/logback/logback-classic/1.5.12/logback-classic-1.5.12.jar:/Users/admin/.m2/repository/ch/qos/logback/logback-core/1.5.12/logback-core-1.5.12.jar:/Users/admin/.m2/repository/org/apache/logging/log4j/log4j-to-slf4j/2.24.3/log4j-to-slf4j-2.24.3.jar:/Users/admin/.m2/repository/org/apache/logging/log4j/log4j-api/2.24.3/log4j-api-2.24.3.jar:/Users/admin/.m2/repository/org/slf4j/jul-to-slf4j/2.0.16/jul-to-slf4j-2.0.16.jar:/Users/admin/.m2/repository/jakarta/annotation/jakarta.annotation-api/2.1.1/jakarta.annotation-api-2.1.1.jar:/Users/admin/.m2/repository/org/springframework/spring-core/6.2.1/spring-core-6.2.1.jar:/Users/admin/.m2/repository/org/springframework/spring-jcl/6.2.1/spring-jcl-6.2.1.jar:/Users/admin/.m2/repository/org/yaml/snakeyaml/2.3/snakeyaml-2.3.jar:/Users/admin/.m2/repository/org/springframework/boot/spring-boot-starter-test/3.4.1/spring-boot-starter-test-3.4.1.jar:/Users/admin/.m2/repository/org/springframework/boot/spring-boot-test/3.4.1/spring-boot-test-3.4.1.jar:/Users/admin/.m2/repository/org/springframework/boot/spring-boot-test-autoconfigure/3.4.1/spring-boot-test-autoconfigure-3.4.1.jar:/Users/admin/.m2/repository/com/jayway/jsonpath/json-path/2.9.0/json-path-2.9.0.jar:/Users/admin/.m2/repository/org/slf4j/slf4j-api/2.0.16/slf4j-api-2.0.16.jar:/Users/admin/.m2/repository/jakarta/xml/bind/jakarta.xml.bind-api/4.0.2/jakarta.xml.bind-api-4.0.2.jar:/Users/admin/.m2/repository/jakarta/activation/jakarta.activation-api/2.1.3/jakarta.activation-api-2.1.3.jar:/Users/admin/.m2/repository/net/minidev/json-smart/2.5.1/json-smart-2.5.1.jar:/Users/admin/.m2/repository/net/minidev/accessors-smart/2.5.1/accessors-smart-2.5.1.jar:/Users/admin/.m2/repository/org/ow2/asm/asm/9.6/asm-9.6.jar:/Users/admin/.m2/repository/org/assertj/assertj-core/3.26.3/assertj-core-3.26.3.jar:/Users/admin/.m2/repository/net/bytebuddy/byte-buddy/1.15.11/byte-buddy-1.15.11.jar:/Users/admin/.m2/repository/org/awaitility/awaitility/4.2.2/awaitility-4.2.2.jar:/Users/admin/.m2/repository/org/hamcrest/hamcrest/2.2/hamcrest-2.2.jar:/Users/admin/.m2/repository/org/junit/jupiter/junit-jupiter/5.11.4/junit-jupiter-5.11.4.jar:/Users/admin/.m2/repository/org/junit/jupiter/junit-jupiter-api/5.11.4/junit-jupiter-api-5.11.4.jar:/Users/admin/.m2/repository/org/opentest4j/opentest4j/1.3.0/opentest4j-1.3.0.jar:/Users/admin/.m2/repository/org/junit/platform/junit-platform-commons/1.11.4/junit-platform-commons-1.11.4.jar:/Users/admin/.m2/repository/org/apiguardian/apiguardian-api/1.1.2/apiguardian-api-1.1.2.jar:/Users/admin/.m2/repository/org/junit/jupiter/junit-jupiter-params/5.11.4/junit-jupiter-params-5.11.4.jar:/Users/admin/.m2/repository/org/junit/jupiter/junit-jupiter-engine/5.11.4/junit-jupiter-engine-5.11.4.jar:/Users/admin/.m2/repository/org/junit/platform/junit-platform-engine/1.11.4/junit-platform-engine-1.11.4.jar:/Users/admin/.m2/repository/org/mockito/mockito-core/5.14.2/mockito-core-5.14.2.jar:/Users/admin/.m2/repository/net/bytebuddy/byte-buddy-agent/1.15.11/byte-buddy-agent-1.15.11.jar:/Users/admin/.m2/repository/org/objenesis/objenesis/3.3/objenesis-3.3.jar:/Users/admin/.m2/repository/org/mockito/mockito-junit-jupiter/5.14.2/mockito-junit-jupiter-5.14.2.jar:/Users/admin/.m2/repository/org/skyscreamer/jsonassert/1.5.3/jsonassert-1.5.3.jar:/Users/admin/.m2/repository/com/vaadin/external/google/android-json/0.0.20131108.vaadin1/android-json-0.0.20131108.vaadin1.jar:/Users/admin/.m2/repository/org/springframework/spring-test/6.2.1/spring-test-6.2.1.jar:/Users/admin/.m2/repository/org/xmlunit/xmlunit-core/2.10.0/xmlunit-core-2.10.0.jar:/Users/admin/.m2/repository/org/springframework/boot/spring-boot-starter-web/3.4.1/spring-boot-starter-web-3.4.1.jar:/Users/admin/.m2/repository/org/springframework/boot/spring-boot-starter-json/3.4.1/spring-boot-starter-json-3.4.1.jar:/Users/admin/.m2/repository/com/fasterxml/jackson/core/jackson-databind/2.18.2/jackson-databind-2.18.2.jar:/Users/admin/.m2/repository/com/fasterxml/jackson/core/jackson-annotations/2.18.2/jackson-annotations-2.18.2.jar:/Users/admin/.m2/repository/com/fasterxml/jackson/core/jackson-core/2.18.2/jackson-core-2.18.2.jar:/Users/admin/.m2/repository/com/fasterxml/jackson/datatype/jackson-datatype-jdk8/2.18.2/jackson-datatype-jdk8-2.18.2.jar:/Users/admin/.m2/repository/com/fasterxml/jackson/datatype/jackson-datatype-jsr310/2.18.2/jackson-datatype-jsr310-2.18.2.jar:/Users/admin/.m2/repository/com/fasterxml/jackson/module/jackson-module-parameter-names/2.18.2/jackson-module-parameter-names-2.18.2.jar:/Users/admin/.m2/repository/org/springframework/boot/spring-boot-starter-tomcat/3.4.1/spring-boot-starter-tomcat-3.4.1.jar:/Users/admin/.m2/repository/org/apache/tomcat/embed/tomcat-embed-core/10.1.34/tomcat-embed-core-10.1.34.jar:/Users/admin/.m2/repository/org/apache/tomcat/embed/tomcat-embed-websocket/10.1.34/tomcat-embed-websocket-10.1.34.jar:/Users/admin/.m2/repository/org/springframework/spring-web/6.2.1/spring-web-6.2.1.jar:/Users/admin/.m2/repository/org/springframework/spring-beans/6.2.1/spring-beans-6.2.1.jar:/Users/admin/.m2/repository/io/micrometer/micrometer-observation/1.14.2/micrometer-observation-1.14.2.jar:/Users/admin/.m2/repository/io/micrometer/micrometer-commons/1.14.2/micrometer-commons-1.14.2.jar:/Users/admin/.m2/repository/org/springframework/spring-webmvc/6.2.1/spring-webmvc-6.2.1.jar:/Users/admin/.m2/repository/org/springframework/spring-aop/6.2.1/spring-aop-6.2.1.jar:/Users/admin/.m2/repository/org/springframework/spring-expression/6.2.1/spring-expression-6.2.1.jar:/Users/admin/.m2/repository/org/springframework/boot/spring-boot-starter-jetty/3.4.1/spring-boot-starter-jetty-3.4.1.jar:/Users/admin/.m2/repository/jakarta/servlet/jakarta.servlet-api/6.0.0/jakarta.servlet-api-6.0.0.jar:/Users/admin/.m2/repository/jakarta/websocket/jakarta.websocket-api/2.1.1/jakarta.websocket-api-2.1.1.jar:/Users/admin/.m2/repository/jakarta/websocket/jakarta.websocket-client-api/2.1.1/jakarta.websocket-client-api-2.1.1.jar:/Users/admin/.m2/repository/org/apache/tomcat/embed/tomcat-embed-el/10.1.34/tomcat-embed-el-10.1.34.jar:/Users/admin/.m2/repository/org/eclipse/jetty/ee10/jetty-ee10-servlets/12.0.16/jetty-ee10-servlets-12.0.16.jar:/Users/admin/.m2/repository/org/eclipse/jetty/jetty-http/12.0.16/jetty-http-12.0.16.jar:/Users/admin/.m2/repository/org/eclipse/jetty/jetty-io/12.0.16/jetty-io-12.0.16.jar:/Users/admin/.m2/repository/org/eclipse/jetty/jetty-util/12.0.16/jetty-util-12.0.16.jar:/Users/admin/.m2/repository/org/eclipse/jetty/ee10/jetty-ee10-webapp/12.0.16/jetty-ee10-webapp-12.0.16.jar:/Users/admin/.m2/repository/org/eclipse/jetty/jetty-ee/12.0.16/jetty-ee-12.0.16.jar:/Users/admin/.m2/repository/org/eclipse/jetty/jetty-server/12.0.16/jetty-server-12.0.16.jar:/Users/admin/.m2/repository/org/eclipse/jetty/jetty-session/12.0.16/jetty-session-12.0.16.jar:/Users/admin/.m2/repository/org/eclipse/jetty/jetty-xml/12.0.16/jetty-xml-12.0.16.jar:/Users/admin/.m2/repository/org/eclipse/jetty/ee10/jetty-ee10-servlet/12.0.16/jetty-ee10-servlet-12.0.16.jar:/Users/admin/.m2/repository/org/eclipse/jetty/jetty-security/12.0.16/jetty-security-12.0.16.jar:/Users/admin/.m2/repository/org/eclipse/jetty/ee10/websocket/jetty-ee10-websocket-jakarta-server/12.0.16/jetty-ee10-websocket-jakarta-server-12.0.16.jar:/Users/admin/.m2/repository/org/eclipse/jetty/ee10/jetty-ee10-annotations/12.0.16/jetty-ee10-annotations-12.0.16.jar:/Users/admin/.m2/repository/org/eclipse/jetty/ee10/jetty-ee10-plus/12.0.16/jetty-ee10-plus-12.0.16.jar:/Users/admin/.m2/repository/jakarta/enterprise/jakarta.enterprise.cdi-api/4.0.1/jakarta.enterprise.cdi-api-4.0.1.jar:/Users/admin/.m2/repository/jakarta/enterprise/jakarta.enterprise.lang-model/4.0.1/jakarta.enterprise.lang-model-4.0.1.jar:/Users/admin/.m2/repository/jakarta/interceptor/jakarta.interceptor-api/2.1.0/jakarta.interceptor-api-2.1.0.jar:/Users/admin/.m2/repository/jakarta/transaction/jakarta.transaction-api/2.0.1/jakarta.transaction-api-2.0.1.jar:/Users/admin/.m2/repository/org/eclipse/jetty/jetty-plus/12.0.16/jetty-plus-12.0.16.jar:/Users/admin/.m2/repository/org/ow2/asm/asm-commons/9.7.1/asm-commons-9.7.1.jar:/Users/admin/.m2/repository/org/ow2/asm/asm-tree/9.7.1/asm-tree-9.7.1.jar:/Users/admin/.m2/repository/org/eclipse/jetty/ee10/websocket/jetty-ee10-websocket-jakarta-client/12.0.16/jetty-ee10-websocket-jakarta-client-12.0.16.jar:/Users/admin/.m2/repository/org/eclipse/jetty/jetty-client/12.0.16/jetty-client-12.0.16.jar:/Users/admin/.m2/repository/org/eclipse/jetty/jetty-alpn-client/12.0.16/jetty-alpn-client-12.0.16.jar:/Users/admin/.m2/repository/org/eclipse/jetty/ee10/websocket/jetty-ee10-websocket-jakarta-common/12.0.16/jetty-ee10-websocket-jakarta-common-12.0.16.jar:/Users/admin/.m2/repository/org/eclipse/jetty/websocket/jetty-websocket-core-client/12.0.16/jetty-websocket-core-client-12.0.16.jar:/Users/admin/.m2/repository/org/eclipse/jetty/ee10/websocket/jetty-ee10-websocket-servlet/12.0.16/jetty-ee10-websocket-servlet-12.0.16.jar:/Users/admin/.m2/repository/org/eclipse/jetty/websocket/jetty-websocket-core-server/12.0.16/jetty-websocket-core-server-12.0.16.jar:/Users/admin/.m2/repository/org/eclipse/jetty/ee10/websocket/jetty-ee10-websocket-jetty-server/12.0.16/jetty-ee10-websocket-jetty-server-12.0.16.jar:/Users/admin/.m2/repository/org/eclipse/jetty/websocket/jetty-websocket-jetty-api/12.0.16/jetty-websocket-jetty-api-12.0.16.jar:/Users/admin/.m2/repository/org/eclipse/jetty/websocket/jetty-websocket-jetty-common/12.0.16/jetty-websocket-jetty-common-12.0.16.jar:/Users/admin/.m2/repository/org/eclipse/jetty/websocket/jetty-websocket-core-common/12.0.16/jetty-websocket-core-common-12.0.16.jar:/Users/admin/.m2/repository/org/springframework/boot/spring-boot-starter-thymeleaf/3.4.1/spring-boot-starter-thymeleaf-3.4.1.jar:/Users/admin/.m2/repository/org/thymeleaf/thymeleaf-spring6/3.1.3.RELEASE/thymeleaf-spring6-3.1.3.RELEASE.jar:/Users/admin/.m2/repository/org/thymeleaf/thymeleaf/3.1.3.RELEASE/thymeleaf-3.1.3.RELEASE.jar:/Users/admin/.m2/repository/org/attoparser/attoparser/2.0.7.RELEASE/attoparser-2.0.7.RELEASE.jar:/Users/admin/.m2/repository/org/unbescape/unbescape/1.1.6.RELEASE/unbescape-1.1.6.RELEASE.jar:/Users/admin/.m2/repository/jakarta/inject/jakarta.inject-api/2.0.1/jakarta.inject-api-2.0.1.jar:/Users/admin/.m2/repository/org/projectlombok/lombok/1.18.36/lombok-1.18.36.jar:"/>
    <property name="java.vm.vendor" value="Eclipse Adoptium"/>
    <property name="sun.arch.data.model" value="64"/>
    <property name="java.vendor.url" value="https://adoptium.net/"/>
    <property name="user.timezone" value="Asia/Kolkata"/>
    <property name="os.name" value="Mac OS X"/>
    <property name="java.vm.specification.version" value="21"/>
    <property name="APPLICATION_NAME" value="springBootDemo"/>
    <property name="sun.java.launcher" value="SUN_STANDARD"/>
    <property name="user.country" value="IN"/>
    <property name="sun.boot.library.path" value="/Users/admin/Library/Java/JavaVirtualMachines/temurin-21.0.5/Contents/Home/lib"/>
    <property name="sun.java.command" value="/Users/admin/Downloads/springBootDemo/target/surefire/surefirebooter-20250306232431429_3.jar /Users/admin/Downloads/springBootDemo/target/surefire 2025-03-06T23-24-31_387-jvmRun1 surefire-20250306232431429_1tmp surefire_0-20250306232431429_2tmp"/>
    <property name="http.nonProxyHosts" value="local|*.local|169.254/16|*.169.254/16"/>
    <property name="jdk.debug" value="release"/>
    <property name="surefire.test.class.path" value="/Users/admin/Downloads/springBootDemo/target/test-classes:/Users/admin/Downloads/springBootDemo/target/classes:/Users/admin/.m2/repository/org/springframework/boot/spring-boot-starter/3.4.1/spring-boot-starter-3.4.1.jar:/Users/admin/.m2/repository/org/springframework/boot/spring-boot/3.4.1/spring-boot-3.4.1.jar:/Users/admin/.m2/repository/org/springframework/spring-context/6.2.1/spring-context-6.2.1.jar:/Users/admin/.m2/repository/org/springframework/boot/spring-boot-autoconfigure/3.4.1/spring-boot-autoconfigure-3.4.1.jar:/Users/admin/.m2/repository/org/springframework/boot/spring-boot-starter-logging/3.4.1/spring-boot-starter-logging-3.4.1.jar:/Users/admin/.m2/repository/ch/qos/logback/logback-classic/1.5.12/logback-classic-1.5.12.jar:/Users/admin/.m2/repository/ch/qos/logback/logback-core/1.5.12/logback-core-1.5.12.jar:/Users/admin/.m2/repository/org/apache/logging/log4j/log4j-to-slf4j/2.24.3/log4j-to-slf4j-2.24.3.jar:/Users/admin/.m2/repository/org/apache/logging/log4j/log4j-api/2.24.3/log4j-api-2.24.3.jar:/Users/admin/.m2/repository/org/slf4j/jul-to-slf4j/2.0.16/jul-to-slf4j-2.0.16.jar:/Users/admin/.m2/repository/jakarta/annotation/jakarta.annotation-api/2.1.1/jakarta.annotation-api-2.1.1.jar:/Users/admin/.m2/repository/org/springframework/spring-core/6.2.1/spring-core-6.2.1.jar:/Users/admin/.m2/repository/org/springframework/spring-jcl/6.2.1/spring-jcl-6.2.1.jar:/Users/admin/.m2/repository/org/yaml/snakeyaml/2.3/snakeyaml-2.3.jar:/Users/admin/.m2/repository/org/springframework/boot/spring-boot-starter-test/3.4.1/spring-boot-starter-test-3.4.1.jar:/Users/admin/.m2/repository/org/springframework/boot/spring-boot-test/3.4.1/spring-boot-test-3.4.1.jar:/Users/admin/.m2/repository/org/springframework/boot/spring-boot-test-autoconfigure/3.4.1/spring-boot-test-autoconfigure-3.4.1.jar:/Users/admin/.m2/repository/com/jayway/jsonpath/json-path/2.9.0/json-path-2.9.0.jar:/Users/admin/.m2/repository/org/slf4j/slf4j-api/2.0.16/slf4j-api-2.0.16.jar:/Users/admin/.m2/repository/jakarta/xml/bind/jakarta.xml.bind-api/4.0.2/jakarta.xml.bind-api-4.0.2.jar:/Users/admin/.m2/repository/jakarta/activation/jakarta.activation-api/2.1.3/jakarta.activation-api-2.1.3.jar:/Users/admin/.m2/repository/net/minidev/json-smart/2.5.1/json-smart-2.5.1.jar:/Users/admin/.m2/repository/net/minidev/accessors-smart/2.5.1/accessors-smart-2.5.1.jar:/Users/admin/.m2/repository/org/ow2/asm/asm/9.6/asm-9.6.jar:/Users/admin/.m2/repository/org/assertj/assertj-core/3.26.3/assertj-core-3.26.3.jar:/Users/admin/.m2/repository/net/bytebuddy/byte-buddy/1.15.11/byte-buddy-1.15.11.jar:/Users/admin/.m2/repository/org/awaitility/awaitility/4.2.2/awaitility-4.2.2.jar:/Users/admin/.m2/repository/org/hamcrest/hamcrest/2.2/hamcrest-2.2.jar:/Users/admin/.m2/repository/org/junit/jupiter/junit-jupiter/5.11.4/junit-jupiter-5.11.4.jar:/Users/admin/.m2/repository/org/junit/jupiter/junit-jupiter-api/5.11.4/junit-jupiter-api-5.11.4.jar:/Users/admin/.m2/repository/org/opentest4j/opentest4j/1.3.0/opentest4j-1.3.0.jar:/Users/admin/.m2/repository/org/junit/platform/junit-platform-commons/1.11.4/junit-platform-commons-1.11.4.jar:/Users/admin/.m2/repository/org/apiguardian/apiguardian-api/1.1.2/apiguardian-api-1.1.2.jar:/Users/admin/.m2/repository/org/junit/jupiter/junit-jupiter-params/5.11.4/junit-jupiter-params-5.11.4.jar:/Users/admin/.m2/repository/org/junit/jupiter/junit-jupiter-engine/5.11.4/junit-jupiter-engine-5.11.4.jar:/Users/admin/.m2/repository/org/junit/platform/junit-platform-engine/1.11.4/junit-platform-engine-1.11.4.jar:/Users/admin/.m2/repository/org/mockito/mockito-core/5.14.2/mockito-core-5.14.2.jar:/Users/admin/.m2/repository/net/bytebuddy/byte-buddy-agent/1.15.11/byte-buddy-agent-1.15.11.jar:/Users/admin/.m2/repository/org/objenesis/objenesis/3.3/objenesis-3.3.jar:/Users/admin/.m2/repository/org/mockito/mockito-junit-jupiter/5.14.2/mockito-junit-jupiter-5.14.2.jar:/Users/admin/.m2/repository/org/skyscreamer/jsonassert/1.5.3/jsonassert-1.5.3.jar:/Users/admin/.m2/repository/com/vaadin/external/google/android-json/0.0.20131108.vaadin1/android-json-0.0.20131108.vaadin1.jar:/Users/admin/.m2/repository/org/springframework/spring-test/6.2.1/spring-test-6.2.1.jar:/Users/admin/.m2/repository/org/xmlunit/xmlunit-core/2.10.0/xmlunit-core-2.10.0.jar:/Users/admin/.m2/repository/org/springframework/boot/spring-boot-starter-web/3.4.1/spring-boot-starter-web-3.4.1.jar:/Users/admin/.m2/repository/org/springframework/boot/spring-boot-starter-json/3.4.1/spring-boot-starter-json-3.4.1.jar:/Users/admin/.m2/repository/com/fasterxml/jackson/core/jackson-databind/2.18.2/jackson-databind-2.18.2.jar:/Users/admin/.m2/repository/com/fasterxml/jackson/core/jackson-annotations/2.18.2/jackson-annotations-2.18.2.jar:/Users/admin/.m2/repository/com/fasterxml/jackson/core/jackson-core/2.18.2/jackson-core-2.18.2.jar:/Users/admin/.m2/repository/com/fasterxml/jackson/datatype/jackson-datatype-jdk8/2.18.2/jackson-datatype-jdk8-2.18.2.jar:/Users/admin/.m2/repository/com/fasterxml/jackson/datatype/jackson-datatype-jsr310/2.18.2/jackson-datatype-jsr310-2.18.2.jar:/Users/admin/.m2/repository/com/fasterxml/jackson/module/jackson-module-parameter-names/2.18.2/jackson-module-parameter-names-2.18.2.jar:/Users/admin/.m2/repository/org/springframework/boot/spring-boot-starter-tomcat/3.4.1/spring-boot-starter-tomcat-3.4.1.jar:/Users/admin/.m2/repository/org/apache/tomcat/embed/tomcat-embed-core/10.1.34/tomcat-embed-core-10.1.34.jar:/Users/admin/.m2/repository/org/apache/tomcat/embed/tomcat-embed-websocket/10.1.34/tomcat-embed-websocket-10.1.34.jar:/Users/admin/.m2/repository/org/springframework/spring-web/6.2.1/spring-web-6.2.1.jar:/Users/admin/.m2/repository/org/springframework/spring-beans/6.2.1/spring-beans-6.2.1.jar:/Users/admin/.m2/repository/io/micrometer/micrometer-observation/1.14.2/micrometer-observation-1.14.2.jar:/Users/admin/.m2/repository/io/micrometer/micrometer-commons/1.14.2/micrometer-commons-1.14.2.jar:/Users/admin/.m2/repository/org/springframework/spring-webmvc/6.2.1/spring-webmvc-6.2.1.jar:/Users/admin/.m2/repository/org/springframework/spring-aop/6.2.1/spring-aop-6.2.1.jar:/Users/admin/.m2/repository/org/springframework/spring-expression/6.2.1/spring-expression-6.2.1.jar:/Users/admin/.m2/repository/org/springframework/boot/spring-boot-starter-jetty/3.4.1/spring-boot-starter-jetty-3.4.1.jar:/Users/admin/.m2/repository/jakarta/servlet/jakarta.servlet-api/6.0.0/jakarta.servlet-api-6.0.0.jar:/Users/admin/.m2/repository/jakarta/websocket/jakarta.websocket-api/2.1.1/jakarta.websocket-api-2.1.1.jar:/Users/admin/.m2/repository/jakarta/websocket/jakarta.websocket-client-api/2.1.1/jakarta.websocket-client-api-2.1.1.jar:/Users/admin/.m2/repository/org/apache/tomcat/embed/tomcat-embed-el/10.1.34/tomcat-embed-el-10.1.34.jar:/Users/admin/.m2/repository/org/eclipse/jetty/ee10/jetty-ee10-servlets/12.0.16/jetty-ee10-servlets-12.0.16.jar:/Users/admin/.m2/repository/org/eclipse/jetty/jetty-http/12.0.16/jetty-http-12.0.16.jar:/Users/admin/.m2/repository/org/eclipse/jetty/jetty-io/12.0.16/jetty-io-12.0.16.jar:/Users/admin/.m2/repository/org/eclipse/jetty/jetty-util/12.0.16/jetty-util-12.0.16.jar:/Users/admin/.m2/repository/org/eclipse/jetty/ee10/jetty-ee10-webapp/12.0.16/jetty-ee10-webapp-12.0.16.jar:/Users/admin/.m2/repository/org/eclipse/jetty/jetty-ee/12.0.16/jetty-ee-12.0.16.jar:/Users/admin/.m2/repository/org/eclipse/jetty/jetty-server/12.0.16/jetty-server-12.0.16.jar:/Users/admin/.m2/repository/org/eclipse/jetty/jetty-session/12.0.16/jetty-session-12.0.16.jar:/Users/admin/.m2/repository/org/eclipse/jetty/jetty-xml/12.0.16/jetty-xml-12.0.16.jar:/Users/admin/.m2/repository/org/eclipse/jetty/ee10/jetty-ee10-servlet/12.0.16/jetty-ee10-servlet-12.0.16.jar:/Users/admin/.m2/repository/org/eclipse/jetty/jetty-security/12.0.16/jetty-security-12.0.16.jar:/Users/admin/.m2/repository/org/eclipse/jetty/ee10/websocket/jetty-ee10-websocket-jakarta-server/12.0.16/jetty-ee10-websocket-jakarta-server-12.0.16.jar:/Users/admin/.m2/repository/org/eclipse/jetty/ee10/jetty-ee10-annotations/12.0.16/jetty-ee10-annotations-12.0.16.jar:/Users/admin/.m2/repository/org/eclipse/jetty/ee10/jetty-ee10-plus/12.0.16/jetty-ee10-plus-12.0.16.jar:/Users/admin/.m2/repository/jakarta/enterprise/jakarta.enterprise.cdi-api/4.0.1/jakarta.enterprise.cdi-api-4.0.1.jar:/Users/admin/.m2/repository/jakarta/enterprise/jakarta.enterprise.lang-model/4.0.1/jakarta.enterprise.lang-model-4.0.1.jar:/Users/admin/.m2/repository/jakarta/interceptor/jakarta.interceptor-api/2.1.0/jakarta.interceptor-api-2.1.0.jar:/Users/admin/.m2/repository/jakarta/transaction/jakarta.transaction-api/2.0.1/jakarta.transaction-api-2.0.1.jar:/Users/admin/.m2/repository/org/eclipse/jetty/jetty-plus/12.0.16/jetty-plus-12.0.16.jar:/Users/admin/.m2/repository/org/ow2/asm/asm-commons/9.7.1/asm-commons-9.7.1.jar:/Users/admin/.m2/repository/org/ow2/asm/asm-tree/9.7.1/asm-tree-9.7.1.jar:/Users/admin/.m2/repository/org/eclipse/jetty/ee10/websocket/jetty-ee10-websocket-jakarta-client/12.0.16/jetty-ee10-websocket-jakarta-client-12.0.16.jar:/Users/admin/.m2/repository/org/eclipse/jetty/jetty-client/12.0.16/jetty-client-12.0.16.jar:/Users/admin/.m2/repository/org/eclipse/jetty/jetty-alpn-client/12.0.16/jetty-alpn-client-12.0.16.jar:/Users/admin/.m2/repository/org/eclipse/jetty/ee10/websocket/jetty-ee10-websocket-jakarta-common/12.0.16/jetty-ee10-websocket-jakarta-common-12.0.16.jar:/Users/admin/.m2/repository/org/eclipse/jetty/websocket/jetty-websocket-core-client/12.0.16/jetty-websocket-core-client-12.0.16.jar:/Users/admin/.m2/repository/org/eclipse/jetty/ee10/websocket/jetty-ee10-websocket-servlet/12.0.16/jetty-ee10-websocket-servlet-12.0.16.jar:/Users/admin/.m2/repository/org/eclipse/jetty/websocket/jetty-websocket-core-server/12.0.16/jetty-websocket-core-server-12.0.16.jar:/Users/admin/.m2/repository/org/eclipse/jetty/ee10/websocket/jetty-ee10-websocket-jetty-server/12.0.16/jetty-ee10-websocket-jetty-server-12.0.16.jar:/Users/admin/.m2/repository/org/eclipse/jetty/websocket/jetty-websocket-jetty-api/12.0.16/jetty-websocket-jetty-api-12.0.16.jar:/Users/admin/.m2/repository/org/eclipse/jetty/websocket/jetty-websocket-jetty-common/12.0.16/jetty-websocket-jetty-common-12.0.16.jar:/Users/admin/.m2/repository/org/eclipse/jetty/websocket/jetty-websocket-core-common/12.0.16/jetty-websocket-core-common-12.0.16.jar:/Users/admin/.m2/repository/org/springframework/boot/spring-boot-starter-thymeleaf/3.4.1/spring-boot-starter-thymeleaf-3.4.1.jar:/Users/admin/.m2/repository/org/thymeleaf/thymeleaf-spring6/3.1.3.RELEASE/thymeleaf-spring6-3.1.3.RELEASE.jar:/Users/admin/.m2/repository/org/thymeleaf/thymeleaf/3.1.3.RELEASE/thymeleaf-3.1.3.RELEASE.jar:/Users/admin/.m2/repository/org/attoparser/attoparser/2.0.7.RELEASE/attoparser-2.0.7.RELEASE.jar:/Users/admin/.m2/repository/org/unbescape/unbescape/1.1.6.RELEASE/unbescape-1.1.6.RELEASE.jar:/Users/admin/.m2/repository/jakarta/inject/jakarta.inject-api/2.0.1/jakarta.inject-api-2.0.1.jar:/Users/admin/.m2/repository/org/projectlombok/lombok/1.18.36/lombok-1.18.36.jar:"/>
    <property name="sun.cpu.endian" value="little"/>
    <property name="user.home" value="/Users/admin"/>
    <property name="user.language" value="en"/>
    <property name="java.specification.vendor" value="Oracle Corporation"/>
    <property name="java.version.date" value="2024-10-15"/>
    <property name="java.home" value="/Users/admin/Library/Java/JavaVirtualMachines/temurin-21.0.5/Contents/Home"/>
    <property name="file.separator" value="/"/>
    <property name="basedir" value="/Users/admin/Downloads/springBootDemo"/>
    <property name="java.vm.compressedOopsMode" value="Zero based"/>
    <property name="line.separator" value="&#10;"/>
    <property name="java.vm.specification.vendor" value="Oracle Corporation"/>
    <property name="java.specification.name" value="Java Platform API Specification"/>
    <property name="FILE_LOG_CHARSET" value="UTF-8"/>
    <property name="java.awt.headless" value="true"/>
    <property name="apple.awt.application.name" value="ForkedBooter"/>
    <property name="surefire.real.class.path" value="/Users/admin/Downloads/springBootDemo/target/surefire/surefirebooter-20250306232431429_3.jar"/>
    <property name="sun.management.compiler" value="HotSpot 64-Bit Tiered Compilers"/>
    <property name="ftp.nonProxyHosts" value="local|*.local|169.254/16|*.169.254/16"/>
    <property name="java.runtime.version" value="21.0.5+11-LTS"/>
    <property name="user.name" value="admin"/>
    <property name="stdout.encoding" value="UTF-8"/>
    <property name="path.separator" value=":"/>
    <property name="os.version" value="12.7.4"/>
    <property name="java.runtime.name" value="OpenJDK Runtime Environment"/>
    <property name="file.encoding" value="UTF-8"/>
    <property name="java.vm.name" value="OpenJDK 64-Bit Server VM"/>
    <property name="java.vendor.version" value="Temurin-21.0.5+11"/>
    <property name="localRepository" value="/Users/admin/.m2/repository"/>
    <property name="java.vendor.url.bug" value="https://github.com/adoptium/adoptium-support/issues"/>
    <property name="java.io.tmpdir" value="/var/folders/1g/lb4ygrk90ts6gnt_pwkp8lr80000gn/T/"/>
    <property name="java.version" value="21.0.5"/>
    <property name="user.dir" value="/Users/admin/Downloads/springBootDemo"/>
    <property name="os.arch" value="aarch64"/>
    <property name="java.vm.specification.name" value="Java Virtual Machine Specification"/>
    <property name="PID" value="63541"/>
    <property name="CONSOLE_LOG_CHARSET" value="UTF-8"/>
    <property name="native.encoding" value="UTF-8"/>
    <property name="java.library.path" value="/Users/admin/Library/Java/Extensions:/Library/Java/Extensions:/Network/Library/Java/Extensions:/System/Library/Java/Extensions:/usr/lib/java:."/>
    <property name="java.vm.info" value="mixed mode, sharing"/>
    <property name="stderr.encoding" value="UTF-8"/>
    <property name="java.vendor" value="Eclipse Adoptium"/>
    <property name="java.vm.version" value="21.0.5+11-LTS"/>
    <property name="sun.io.unicode.encoding" value="UnicodeBig"/>
    <property name="socksNonProxyHosts" value="local|*.local|169.254/16|*.169.254/16"/>
    <property name="java.class.version" value="65.0"/>
    <property name="LOGGED_APPLICATION_NAME" value="[springBootDemo] "/>
  </properties>
  <testcase name="contextLoads" classname="com.org.springBootDemo.SpringBootDemoApplicationTests" time="0.433">
    <system-out><![CDATA[23:24:31.831 [main] INFO org.springframework.test.context.support.AnnotationConfigContextLoaderUtils -- Could not detect default configuration classes for test class [com.org.springBootDemo.SpringBootDemoApplicationTests]: SpringBootDemoApplicationTests does not declare any static, non-private, non-final, nested classes annotated with @Configuration.
23:24:31.887 [main] INFO org.springframework.boot.test.context.SpringBootTestContextBootstrapper -- Found @SpringBootConfiguration com.org.springBootDemo.SpringBootDemoApplication for test class com.org.springBootDemo.SpringBootDemoApplicationTests

  .   ____          _            __ _ _
 /\\ / ___'_ __ _ _(_)_ __  __ _ \ \ \ \
( ( )\___ | '_ | '_| | '_ \/ _` | \ \ \ \
 \\/  ___)| |_)| | | | | || (_| |  ) ) ) )
  '  |____| .__|_| |_|_| |_\__, | / / / /
 =========|_|==============|___/=/_/_/_/

 :: Spring Boot ::                (v3.4.1)

2025-03-06T23:24:32.067+05:30  INFO 63541 --- [springBootDemo] [           main] c.o.s.SpringBootDemoApplicationTests     : Starting SpringBootDemoApplicationTests using Java 21.0.5 with PID 63541 (started by admin in /Users/admin/Downloads/springBootDemo)
2025-03-06T23:24:32.067+05:30  INFO 63541 --- [springBootDemo] [           main] c.o.s.SpringBootDemoApplicationTests     : No active profile set, falling back to 1 default profile: "default"
2025-03-06T23:24:32.588+05:30  INFO 63541 --- [springBootDemo] [           main] c.o.s.SpringBootDemoApplicationTests     : Started SpringBootDemoApplicationTests in 0.643 seconds (process running for 1.098)
"mohit"
]]></system-out>
    <system-err><![CDATA[Mockito is currently self-attaching to enable the inline-mock-maker. This will no longer work in future releases of the JDK. Please add Mockito as an agent to your build what is described in Mockito's documentation: https://javadoc.io/doc/org.mockito/mockito-core/latest/org/mockito/Mockito.html#0.3
WARNING: A Java agent has been loaded dynamically (/Users/admin/.m2/repository/net/bytebuddy/byte-buddy-agent/1.15.11/byte-buddy-agent-1.15.11.jar)
WARNING: If a serviceability tool is in use, please run with -XX:+EnableDynamicAgentLoading to hide this warning
WARNING: If a serviceability tool is not in use, please run with -Djdk.instrument.traceUsage for more information
WARNING: Dynamic loading of agents will be disallowed by default in a future release
]]></system-err>
  </testcase>
</testsuite>